[debug] [2023-08-06T14:23:02.223Z] ----------------------------------------------------------------------
[debug] [2023-08-06T14:23:02.226Z] Command:       C:\Program Files\nodejs\node.exe C:\Users\MR VIRUGAMA\AppData\Roaming\npm\node_modules\firebase-tools\lib\bin\firebase.js init
[debug] [2023-08-06T14:23:02.227Z] CLI Version:   12.4.7
[debug] [2023-08-06T14:23:02.227Z] Platform:      win32
[debug] [2023-08-06T14:23:02.227Z] Node Version:  v18.17.0
[debug] [2023-08-06T14:23:02.229Z] Time:          Sun Aug 06 2023 19:53:02 GMT+0530 (India Standard Time)
[debug] [2023-08-06T14:23:02.229Z] ----------------------------------------------------------------------
[debug] 
[debug] [2023-08-06T14:23:02.234Z] >>> [apiv2][query] GET https://firebase-public.firebaseio.com/cli.json [none]
[debug] [2023-08-06T14:23:02.288Z] > command requires scopes: ["email","openid","https://www.googleapis.com/auth/cloudplatformprojects.readonly","https://www.googleapis.com/auth/firebase","https://www.googleapis.com/auth/cloud-platform"]
[debug] [2023-08-06T14:23:02.289Z] > authorizing via signed-in user (kp1731555@gmail.com)
[info] 
     ######## #### ########  ######## ########     ###     ######  ########
     ##        ##  ##     ## ##       ##     ##  ##   ##  ##       ##
     ######    ##  ########  ######   ########  #########  ######  ######
     ##        ##  ##    ##  ##       ##     ## ##     ##       ## ##
     ##       #### ##     ## ######## ########  ##     ##  ######  ########

You're about to initialize a Firebase project in this directory:

  E:\EXPLORE\REACTJS\ten-firegitapp

[debug] [2023-08-06T14:23:03.015Z] <<< [apiv2][status] GET https://firebase-public.firebaseio.com/cli.json 200
[debug] [2023-08-06T14:23:03.017Z] <<< [apiv2][body] GET https://firebase-public.firebaseio.com/cli.json {"cloudBuildErrorAfter":1594252800000,"cloudBuildWarnAfter":1590019200000,"defaultNode10After":1594252800000,"minVersion":"3.0.5","node8DeploysDisabledAfter":1613390400000,"node8RuntimeDisabledAfter":1615809600000,"node8WarnAfter":1600128000000}
[info] 
=== Project Setup
[info] 
[info] First, let's associate this project directory with a Firebase project.
[info] You can create multiple project aliases by running firebase use --add, 
[info] but for now we'll just set up a default project.
[info] 
[debug] [2023-08-06T14:23:32.734Z] > refreshing access token with scopes: []
[debug] [2023-08-06T14:23:32.735Z] >>> [apiv2][query] POST https://www.googleapis.com/oauth2/v3/token [none]
[debug] [2023-08-06T14:23:32.736Z] >>> [apiv2][body] POST https://www.googleapis.com/oauth2/v3/token [omitted]
[debug] [2023-08-06T14:23:33.064Z] <<< [apiv2][status] POST https://www.googleapis.com/oauth2/v3/token 200
[debug] [2023-08-06T14:23:33.064Z] <<< [apiv2][body] POST https://www.googleapis.com/oauth2/v3/token [omitted]
[debug] [2023-08-06T14:23:33.076Z] >>> [apiv2][query] GET https://firebase.googleapis.com/v1beta1/projects pageSize=100
[debug] [2023-08-06T14:23:33.911Z] <<< [apiv2][status] GET https://firebase.googleapis.com/v1beta1/projects 200
[debug] [2023-08-06T14:23:33.911Z] <<< [apiv2][body] GET https://firebase.googleapis.com/v1beta1/projects [omitted]
[info] i  Using project mygitapp-4ced9 (mygitapp) 
[info] 
=== Database Setup
[info] i  database: ensuring required API firebasedatabase.googleapis.com is enabled... 
[debug] [2023-08-06T14:23:37.970Z] >>> [apiv2][query] GET https://serviceusage.googleapis.com/v1/projects/mygitapp-4ced9/services/firebasedatabase.googleapis.com [none]
[debug] [2023-08-06T14:23:37.971Z] >>> [apiv2][(partial)header] GET https://serviceusage.googleapis.com/v1/projects/mygitapp-4ced9/services/firebasedatabase.googleapis.com x-goog-quota-user=projects/mygitapp-4ced9
[debug] [2023-08-06T14:23:40.098Z] <<< [apiv2][status] GET https://serviceusage.googleapis.com/v1/projects/mygitapp-4ced9/services/firebasedatabase.googleapis.com 200
[debug] [2023-08-06T14:23:40.099Z] <<< [apiv2][body] GET https://serviceusage.googleapis.com/v1/projects/mygitapp-4ced9/services/firebasedatabase.googleapis.com [omitted]
[warn] !  database: missing required API firebasedatabase.googleapis.com. Enabling now... 
[debug] [2023-08-06T14:23:40.100Z] >>> [apiv2][query] POST https://serviceusage.googleapis.com/v1/projects/mygitapp-4ced9/services/firebasedatabase.googleapis.com:enable [none]
[debug] [2023-08-06T14:23:40.100Z] >>> [apiv2][(partial)header] POST https://serviceusage.googleapis.com/v1/projects/mygitapp-4ced9/services/firebasedatabase.googleapis.com:enable x-goog-quota-user=projects/mygitapp-4ced9
[debug] [2023-08-06T14:23:42.348Z] <<< [apiv2][status] POST https://serviceusage.googleapis.com/v1/projects/mygitapp-4ced9/services/firebasedatabase.googleapis.com:enable 200
[debug] [2023-08-06T14:23:42.348Z] <<< [apiv2][body] POST https://serviceusage.googleapis.com/v1/projects/mygitapp-4ced9/services/firebasedatabase.googleapis.com:enable [omitted]
[debug] [2023-08-06T14:23:52.354Z] >>> [apiv2][query] GET https://serviceusage.googleapis.com/v1/projects/mygitapp-4ced9/services/firebasedatabase.googleapis.com [none]
[debug] [2023-08-06T14:23:52.354Z] >>> [apiv2][(partial)header] GET https://serviceusage.googleapis.com/v1/projects/mygitapp-4ced9/services/firebasedatabase.googleapis.com x-goog-quota-user=projects/mygitapp-4ced9
[debug] [2023-08-06T14:23:54.289Z] <<< [apiv2][status] GET https://serviceusage.googleapis.com/v1/projects/mygitapp-4ced9/services/firebasedatabase.googleapis.com 200
[debug] [2023-08-06T14:23:54.289Z] <<< [apiv2][body] GET https://serviceusage.googleapis.com/v1/projects/mygitapp-4ced9/services/firebasedatabase.googleapis.com [omitted]
[info] +  database: required API firebasedatabase.googleapis.com is enabled 
[info] 
[debug] [2023-08-06T14:23:54.295Z] >>> [apiv2][query] GET https://firebase.googleapis.com/v1beta1/projects/mygitapp-4ced9 [none]
[debug] [2023-08-06T14:23:55.053Z] <<< [apiv2][status] GET https://firebase.googleapis.com/v1beta1/projects/mygitapp-4ced9 200
[debug] [2023-08-06T14:23:55.053Z] <<< [apiv2][body] GET https://firebase.googleapis.com/v1beta1/projects/mygitapp-4ced9 {"projectId":"mygitapp-4ced9","projectNumber":"131838757649","displayName":"mygitapp","name":"projects/mygitapp-4ced9","resources":{"hostingSite":"mygitapp-4ced9"},"state":"ACTIVE","etag":"1_42958ab2-2d8b-4bf4-8c8e-8fb60b1495c7"}
[info] 
[info] Firebase Realtime Database Security Rules allow you to define how your data should be
[info] structured and when your data can be read from and written to.
[info] 
[info] +  Default rules have been written to NO. 
[info] Future modifications to NO will update Realtime Database Security Rules when you run
[info] firebase deploy.
[info] 
=== Hosting Setup
[info] 
[info] Your public directory is the folder (relative to your project directory) that
[info] will contain Hosting assets to be uploaded with firebase deploy. If you
[info] have a build process for your assets, use your build's output directory.
[info] 
[info] +  Wrote build/404.html 
[debug] [2023-08-06T14:27:31.652Z] >>> [apiv2][query] GET https://www.gstatic.com/firebasejs/releases.json [none]
[debug] [2023-08-06T14:27:31.906Z] <<< [apiv2][status] GET https://www.gstatic.com/firebasejs/releases.json 200
[debug] [2023-08-06T14:27:31.907Z] <<< [apiv2][body] GET https://www.gstatic.com/firebasejs/releases.json {"current":{"version":"10.1.0","browserURL":"https://www.gstatic.com/firebasejs/10.1.0/firebase.js","packageURL":"https://www.gstatic.com/firebasejs/10.1.0/firebase.tgz"},"live":{"version":"10.1","browserURL":"https://www.gstatic.com/firebasejs/live/10.1/firebase.js","packageURL":"https://www.gstatic.com/firebasejs/live/10.1/firebase.tgz"},"components":{"analytics":"https://www.gstatic.com/firebasejs/10.1.0/firebase-analytics.js","app":"https://www.gstatic.com/firebasejs/10.1.0/firebase-app.js","app-check":"https://www.gstatic.com/firebasejs/10.1.0/firebase-app-check.js","auth":"https://www.gstatic.com/firebasejs/10.1.0/firebase-auth.js","auth/cordova":"https://www.gstatic.com/firebasejs/10.1.0/firebase-auth/cordova.js","functions":"https://www.gstatic.com/firebasejs/10.1.0/firebase-functions.js","firestore":"https://www.gstatic.com/firebasejs/10.1.0/firebase-firestore.js","firestore/lite":"https://www.gstatic.com/firebasejs/10.1.0/firebase-firestore/lite.js","installations":"https://www.gstatic.com/firebasejs/10.1.0/firebase-installations.js","storage":"https://www.gstatic.com/firebasejs/10.1.0/firebase-storage.js","performance":"https://www.gstatic.com/firebasejs/10.1.0/firebase-performance.js","remote-config":"https://www.gstatic.com/firebasejs/10.1.0/firebase-remote-config.js","messaging":"https://www.gstatic.com/firebasejs/10.1.0/firebase-messaging.js","messaging/sw":"https://www.gstatic.com/firebasejs/10.1.0/firebase-messaging/sw.js","database":"https://www.gstatic.com/firebasejs/10.1.0/firebase-database.js","firestore.memory":"https://www.gstatic.com/firebasejs/10.1.0/firebase-firestore.memory.js"}}
[info] +  Wrote build/index.html 
[info] 
[info] i  Detected a .git folder at E:\EXPLORE\REACTJS\ten-firegitapp 
[info] i  Authorizing with GitHub to upload your service account to a GitHub repository's secrets store. 
[info] 
[info] Visit this URL on this device to log in:
[info] https://github.com/login/oauth/authorize?client_id=89cf50f02ac6aaed3484&state=615468097&redirect_uri=http%3A%2F%2Flocalhost%3A9005&scope=read%3Auser%20repo%20public_repo
[info] 
[info] Waiting for authentication...
[debug] [2023-08-06T14:27:46.213Z] >>> [apiv2][query] POST https://github.com/login/oauth/access_token [none]
[debug] [2023-08-06T14:27:46.213Z] >>> [apiv2][body] POST https://github.com/login/oauth/access_token [stream]
[debug] [2023-08-06T14:27:46.690Z] <<< [apiv2][status] POST https://github.com/login/oauth/access_token 200
[debug] [2023-08-06T14:27:46.691Z] <<< [apiv2][body] POST https://github.com/login/oauth/access_token {"access_token":"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","token_type":"bearer","scope":"read:user,repo"}
[debug] [2023-08-06T14:27:46.698Z] >>> [apiv2][query] GET https://api.github.com/user [none]
[debug] [2023-08-06T14:27:47.143Z] <<< [apiv2][status] GET https://api.github.com/user 200
[debug] [2023-08-06T14:27:47.143Z] <<< [apiv2][body] GET https://api.github.com/user {"login":"virugama","id":89926772,"node_id":"MDQ6VXNlcjg5OTI2Nzcy","avatar_url":"https://avatars.githubusercontent.com/u/89926772?v=4","gravatar_id":"","url":"https://api.github.com/users/virugama","html_url":"https://github.com/virugama","followers_url":"https://api.github.com/users/virugama/followers","following_url":"https://api.github.com/users/virugama/following{/other_user}","gists_url":"https://api.github.com/users/virugama/gists{/gist_id}","starred_url":"https://api.github.com/users/virugama/starred{/owner}{/repo}","subscriptions_url":"https://api.github.com/users/virugama/subscriptions","organizations_url":"https://api.github.com/users/virugama/orgs","repos_url":"https://api.github.com/users/virugama/repos","events_url":"https://api.github.com/users/virugama/events{/privacy}","received_events_url":"https://api.github.com/users/virugama/received_events","type":"User","site_admin":false,"name":"Krunal Virugama","company":null,"blog":"","location":null,"email":null,"hireable":null,"bio":null,"twitter_username":null,"public_repos":4,"public_gists":0,"followers":2,"following":7,"created_at":"2021-09-01T14:56:47Z","updated_at":"2023-08-05T13:01:12Z","private_gists":0,"total_private_repos":1,"owned_private_repos":1,"disk_usage":56732,"collaborators":1,"two_factor_authentication":false,"plan":{"name":"pro","space":976562499,"collaborators":0,"private_repos":9999}}
[info] 
[info] +  Success! Logged into GitHub as virugama 
[info] 
[debug] [2023-08-06T14:28:07.102Z] >>> [apiv2][query] GET https://api.github.com/repos/virugama/gitapp/actions/secrets/public-key type=owner
[debug] [2023-08-06T14:28:07.561Z] <<< [apiv2][status] GET https://api.github.com/repos/virugama/gitapp/actions/secrets/public-key 404
[debug] [2023-08-06T14:28:07.561Z] <<< [apiv2][body] GET https://api.github.com/repos/virugama/gitapp/actions/secrets/public-key {"message":"Not Found","documentation_url":"https://docs.github.com/rest/actions/secrets#get-a-repository-public-key"}
[info] 
[info] 
[error] !  The provided authorization cannot be used with this repository. If this repository is in an organization, did you remember to grant access? 
[info] 
[info] i  Action required: Visit this URL to ensure access has been granted to the appropriate organization(s) for the Firebase CLI GitHub OAuth App: 
[info] https://github.com/settings/connections/applications/89cf50f02ac6aaed3484
[info] 
[debug] [2023-08-06T14:28:11.586Z] >>> [apiv2][query] GET https://api.github.com/repos/virugama/gitapp/actions/secrets/public-key type=owner
[debug] [2023-08-06T14:28:12.021Z] <<< [apiv2][status] GET https://api.github.com/repos/virugama/gitapp/actions/secrets/public-key 404
[debug] [2023-08-06T14:28:12.021Z] <<< [apiv2][body] GET https://api.github.com/repos/virugama/gitapp/actions/secrets/public-key {"message":"Not Found","documentation_url":"https://docs.github.com/rest/actions/secrets#get-a-repository-public-key"}
[info] 
[info] 
[error] !  The provided authorization cannot be used with this repository. If this repository is in an organization, did you remember to grant access? 
[info] 
[info] i  Action required: Visit this URL to ensure access has been granted to the appropriate organization(s) for the Firebase CLI GitHub OAuth App: 
[info] https://github.com/settings/connections/applications/89cf50f02ac6aaed3484
[info] 
[debug] [2023-08-06T14:28:12.782Z] >>> [apiv2][query] GET https://api.github.com/repos/virugama/gitapp/actions/secrets/public-key type=owner
[debug] [2023-08-06T14:28:13.176Z] <<< [apiv2][status] GET https://api.github.com/repos/virugama/gitapp/actions/secrets/public-key 404
[debug] [2023-08-06T14:28:13.177Z] <<< [apiv2][body] GET https://api.github.com/repos/virugama/gitapp/actions/secrets/public-key {"message":"Not Found","documentation_url":"https://docs.github.com/rest/actions/secrets#get-a-repository-public-key"}
[info] 
[info] 
[error] !  The provided authorization cannot be used with this repository. If this repository is in an organization, did you remember to grant access? 
[info] 
[info] i  Action required: Visit this URL to ensure access has been granted to the appropriate organization(s) for the Firebase CLI GitHub OAuth App: 
[info] https://github.com/settings/connections/applications/89cf50f02ac6aaed3484
[info] 
[debug] [2023-08-06T14:28:15.926Z] >>> [apiv2][query] GET https://api.github.com/repos/virugama/gitapp/actions/secrets/public-key type=owner
[debug] [2023-08-06T14:28:16.169Z] >>> [apiv2][query] GET https://api.github.com/repos//actions/secrets/public-key type=owner
[debug] [2023-08-06T14:28:16.386Z] >>> [apiv2][query] GET https://api.github.com/repos//actions/secrets/public-key type=owner
[debug] [2023-08-06T14:28:16.874Z] <<< [apiv2][status] GET https://api.github.com/repos/virugama/gitapp/actions/secrets/public-key 404
[debug] [2023-08-06T14:28:16.874Z] <<< [apiv2][body] GET https://api.github.com/repos/virugama/gitapp/actions/secrets/public-key {"message":"Not Found","documentation_url":"https://docs.github.com/rest/actions/secrets#get-a-repository-public-key"}
[info] 
[info] 
[error] !  The provided authorization cannot be used with this repository. If this repository is in an organization, did you remember to grant access? 
[info] 
[info] i  Action required: Visit this URL to ensure access has been granted to the appropriate organization(s) for the Firebase CLI GitHub OAuth App: 
[info] https://github.com/settings/connections/applications/89cf50f02ac6aaed3484
[info] 
[debug] [2023-08-06T14:28:17.192Z] <<< [apiv2][status] GET https://api.github.com/repos//actions/secrets/public-key 404
[debug] [2023-08-06T14:28:17.192Z] <<< [apiv2][body] GET https://api.github.com/repos//actions/secrets/public-key {"message":"Not Found","documentation_url":"https://docs.github.com/rest"}
[info] 
[info] 
[error] !  The provided authorization cannot be used with this repository. If this repository is in an organization, did you remember to grant access? 
[info] 
[info] i  Action required: Visit this URL to ensure access has been granted to the appropriate organization(s) for the Firebase CLI GitHub OAuth App: 
[info] https://github.com/settings/connections/applications/89cf50f02ac6aaed3484
[info] 
[debug] [2023-08-06T14:28:17.489Z] <<< [apiv2][status] GET https://api.github.com/repos//actions/secrets/public-key 404
[debug] [2023-08-06T14:28:17.489Z] <<< [apiv2][body] GET https://api.github.com/repos//actions/secrets/public-key {"message":"Not Found","documentation_url":"https://docs.github.com/rest"}
[info] 
[info] 
[error] !  The provided authorization cannot be used with this repository. If this repository is in an organization, did you remember to grant access? 
[info] 
[info] i  Action required: Visit this URL to ensure access has been granted to the appropriate organization(s) for the Firebase CLI GitHub OAuth App: 
[info] https://github.com/settings/connections/applications/89cf50f02ac6aaed3484
[info] 
